Log file open, 05/23/19 21:02:58
LogWindows: Failed to load 'aqProf.dll' (GetLastError=126)
LogWindows: File 'aqProf.dll' does not exist
LogWindows: Failed to load 'VtuneApi.dll' (GetLastError=126)
LogWindows: File 'VtuneApi.dll' does not exist
LogWindows: Failed to load 'VtuneApi32e.dll' (GetLastError=126)
LogWindows: File 'VtuneApi32e.dll' does not exist
LogConsoleResponse: Display: Failed to find resolution value strings in scalability ini. Falling back to default.
LogInit: Display: Running engine for game: Lightning
LogPakFile: Registered encryption key '00000000000000000000000000000000': 0 pak files mounted, 0 remain pending
LogPlatformFile: Not using cached read wrapper
LogTaskGraph: Started task graph with 5 named threads and 23 total threads with 3 sets of task threads.
LogStats: Stats thread started at 0.451608
LogD3D11RHI: Loaded GFSDK_Aftermath_Lib.x64.dll
LogICUInternationalization: ICU TimeZone Detection - Raw Offset: -5:00, Platform Override: ''
LogPluginManager: Mounting plugin Paper2D
LogPluginManager: Mounting plugin AISupport
LogPluginManager: Mounting plugin LightPropagationVolume
LogPluginManager: Mounting plugin ActorLayerUtilities
LogPluginManager: Mounting plugin CLionSourceCodeAccess
LogPluginManager: Mounting plugin CodeLiteSourceCodeAccess
LogPluginManager: Mounting plugin GitSourceControl
LogPluginManager: Mounting plugin KDevelopSourceCodeAccess
LogPluginManager: Mounting plugin NullSourceCodeAccess
LogPluginManager: Mounting plugin PerforceSourceControl
LogPluginManager: Mounting plugin SubversionSourceControl
LogPluginManager: Mounting plugin UObjectPlugin
LogPluginManager: Mounting plugin VisualStudioCodeSourceCodeAccess
LogPluginManager: Mounting plugin VisualStudioSourceCodeAccess
LogPluginManager: Mounting plugin XCodeSourceCodeAccess
LogPluginManager: Mounting plugin AssetManagerEditor
LogPluginManager: Mounting plugin CryptoKeys
LogPluginManager: Mounting plugin DataValidation
LogPluginManager: Mounting plugin FacialAnimation
LogPluginManager: Mounting plugin GameplayTagsEditor
LogPluginManager: Mounting plugin MacGraphicsSwitching
LogPluginManager: Mounting plugin MeshEditor
LogPluginManager: Mounting plugin MobileLauncherProfileWizard
LogPluginManager: Mounting plugin PluginBrowser
LogPluginManager: Mounting plugin SpeedTreeImporter
LogPluginManager: Mounting plugin DatasmithContent
LogPluginManager: Mounting plugin VariantManagerContent
LogPluginManager: Mounting plugin AlembicImporter
LogPluginManager: Mounting plugin AppleImageUtils
LogPluginManager: Mounting plugin AppleVision
LogPluginManager: Mounting plugin BackChannel
LogPluginManager: Mounting plugin CharacterAI
LogPluginManager: Mounting plugin GeometryCache
LogPluginManager: Mounting plugin HTML5Networking
LogPluginManager: Mounting plugin ProxyLODPlugin
LogPluginManager: Mounting plugin MagicLeap
LogPluginManager: Mounting plugin MagicLeapMedia
LogPluginManager: Mounting plugin AndroidMedia
LogPluginManager: Mounting plugin AvfMedia
LogPluginManager: Mounting plugin ImgMedia
LogPluginManager: Mounting plugin LinearTimecode
LogPluginManager: Mounting plugin MediaCompositing
LogPluginManager: Mounting plugin MediaPlayerEditor
LogPluginManager: Mounting plugin WebMMedia
LogPluginManager: Mounting plugin WmfMedia
LogPluginManager: Mounting plugin TcpMessaging
LogPluginManager: Mounting plugin UdpMessaging
LogPluginManager: Mounting plugin ActorSequence
LogPluginManager: Mounting plugin LevelSequenceEditor
LogPluginManager: Mounting plugin MatineeToLevelSequence
LogPluginManager: Mounting plugin NetcodeUnitTest
LogPluginManager: Mounting plugin NUTUnrealEngine4
LogPluginManager: Mounting plugin OnlineSubsystemGooglePlay
LogPluginManager: Mounting plugin OnlineSubsystemIOS
LogPluginManager: Mounting plugin OnlineSubsystem
LogPluginManager: Mounting plugin OnlineSubsystemNull
LogPluginManager: Mounting plugin OnlineSubsystemUtils
LogPluginManager: Mounting plugin LauncherChunkInstaller
LogPluginManager: Mounting plugin AndroidDeviceProfileSelector
LogPluginManager: Mounting plugin AndroidMoviePlayer
LogPluginManager: Mounting plugin AndroidPermission
LogPluginManager: Mounting plugin AppleMoviePlayer
LogPluginManager: Mounting plugin ArchVisCharacter
LogPluginManager: Mounting plugin AudioCapture
LogPluginManager: Mounting plugin CableComponent
LogPluginManager: Mounting plugin CustomMeshComponent
LogPluginManager: Mounting plugin EditableMesh
LogPluginManager: Mounting plugin ExampleDeviceProfileSelector
LogPluginManager: Mounting plugin Firebase
LogPluginManager: Mounting plugin GoogleCloudMessaging
LogPluginManager: Mounting plugin IOSDeviceProfileSelector
LogPluginManager: Mounting plugin LinuxDeviceProfileSelector
LogPluginManager: Mounting plugin LocationServicesBPLibrary
LogPluginManager: Mounting plugin MobilePatchingUtils
LogPluginManager: Mounting plugin OculusVR
LogPluginManager: Mounting plugin PhysXVehicles
LogPluginManager: Mounting plugin ProceduralMeshComponent
LogPluginManager: Mounting plugin RuntimePhysXCooking
LogPluginManager: Mounting plugin SteamVR
LogPluginManager: Mounting plugin WebMMoviePlayer
LogPluginManager: Mounting plugin WindowsMoviePlayer
LogStreaming: Display: Took  0.113s to configure plugins.
LogInit: Using libcurl 7.55.1-DEV
LogInit:  - built for x86_64-pc-win32
LogInit:  - supports SSL with OpenSSL/1.0.2h
LogInit:  - supports HTTP deflate (compression) using libz 1.2.8
LogInit:  - other features:
LogInit:      CURL_VERSION_SSL
LogInit:      CURL_VERSION_LIBZ
LogInit:      CURL_VERSION_IPV6
LogInit:      CURL_VERSION_ASYNCHDNS
LogInit:      CURL_VERSION_LARGEFILE
LogInit:      CURL_VERSION_IDN
LogInit:  CurlRequestOptions (configurable via config and command line):
LogInit:  - bVerifyPeer = true  - Libcurl will verify peer certificate
LogInit:  - bUseHttpProxy = false  - Libcurl will NOT use HTTP proxy
LogInit:  - bDontReuseConnections = false  - Libcurl will reuse connections
LogInit:  - MaxHostConnections = 16  - Libcurl will limit the number of connections to a host
LogInit:  - LocalHostAddr = Default
LogInit:  - BufferSize = 65536
LogInit: WinSock: version 1.1 (2.2), MaxSocks=32767, MaxUdp=65467
LogInit: Build: ++UE4+Release-4.21-CL-4753647
LogInit: Engine Version: 4.21.2-4753647+++UE4+Release-4.21
LogInit: Compatible Engine Version: 4.21.0-4541578+++UE4+Release-4.21
LogInit: Net CL: 4541578
LogInit: OS: Windows 10 (), CPU: AMD FX(tm)-8350 Eight-Core Processor           , GPU: Radeon(TM) RX 460 Graphics
LogInit: Compiled (64-bit): Jan 19 2019 02:07:31
LogInit: Compiled with Visual C++: 19.13.26129.00
LogInit: Build Configuration: Development
LogInit: Branch Name: ++UE4+Release-4.21
LogInit: Command Line: 
LogInit: Base Directory: E:/Unreal Games/UE_4.21/Engine/Binaries/Win64/
LogInit: Installed Engine Build: 1
LogDevObjectVersion: Number of dev versions registered: 22
LogDevObjectVersion:   Dev-Blueprints (B0D832E4-1F89-4F0D-ACCF-7EB736FD4AA2): 10
LogDevObjectVersion:   Dev-Build (E1C64328-A22C-4D53-A36C-8E866417BD8C): 0
LogDevObjectVersion:   Dev-Core (375EC13C-06E4-48FB-B500-84F0262A717E): 2
LogDevObjectVersion:   Dev-Editor (E4B068ED-F494-42E9-A231-DA0B2E46BB41): 26
LogDevObjectVersion:   Dev-Framework (CFFC743F-43B0-4480-9391-14DF171D2073): 34
LogDevObjectVersion:   Dev-Mobile (B02B49B5-BB20-44E9-A304-32B752E40360): 2
LogDevObjectVersion:   Dev-Networking (A4E4105C-59A1-49B5-A7C5-40C4547EDFEE): 0
LogDevObjectVersion:   Dev-Online (39C831C9-5AE6-47DC-9A44-9C173E1C8E7C): 0
LogDevObjectVersion:   Dev-Physics (78F01B33-EBEA-4F98-B9B4-84EACCB95AA2): 0
LogDevObjectVersion:   Dev-Platform (6631380F-2D4D-43E0-8009-CF276956A95A): 0
LogDevObjectVersion:   Dev-Rendering (12F88B9F-8875-4AFC-A67C-D90C383ABD29): 27
LogDevObjectVersion:   Dev-Sequencer (7B5AE74C-D270-4C10-A958-57980B212A5A): 9
LogDevObjectVersion:   Dev-VR (D7296918-1DD6-4BDD-9DE2-64A83CC13884): 2
LogDevObjectVersion:   Dev-LoadTimes (C2A15278-BFE7-4AFE-6C17-90FF531DF755): 1
LogDevObjectVersion:   Private-Geometry (6EACA3D4-40EC-4CC1-B786-8BED09428FC5): 3
LogDevObjectVersion:   Dev-AnimPhys (29E575DD-E0A3-4627-9D10-D276232CDCEA): 17
LogDevObjectVersion:   Dev-Anim (AF43A65D-7FD3-4947-9873-3E8ED9C1BB05): 2
LogDevObjectVersion:   Dev-ReflectionCapture (6B266CEC-1EC7-4B8F-A30B-E4D90942FC07): 1
LogDevObjectVersion:   Dev-Automation (0DF73D61-A23F-47EA-B727-89E90C41499A): 1
LogDevObjectVersion:   FortniteMain (601D1886-AC64-4F84-AA16-D3DE0DEAC7D6): 17
LogDevObjectVersion:   Dev-Enterprise (9DFFBCD6-494F-0158-E221-12823C92A888): 4
LogDevObjectVersion:   Dev-Niagara (F2AED0AC-9AFE-416F-8664-AA7FFA26D6FC): 1
LogStreaming: Display: Took  0.001s to delete old logs.
LogInit: Presizing for max 8388607 objects, including 0 objects not considered by GC, pre-allocating 0 bytes for permanent pool.
LogInit: Object subsystem initialized
LogConfig: Setting CVar [[con.DebugEarlyDefault:1]]
LogConfig: Setting CVar [[r.setres:1280x720]]
[2019.05.24-01.02.58:967][  0]LogConfig: Setting CVar [[r.VSync:0]]
[2019.05.24-01.02.58:967][  0]LogConfig: Setting CVar [[r.RHICmdBypass:0]]
[2019.05.24-01.02.58:967][  0]LogConfig: Applying CVar settings from Section [/Script/Engine.RendererSettings] File [C:/Users/Data/Documents/GitHub/Lucid_Dream/Lightning/Saved/Config/Windows/Engine.ini]
[2019.05.24-01.02.58:968][  0]LogConfig: Setting CVar [[r.GPUCrashDebugging:0]]
[2019.05.24-01.02.58:968][  0]LogConfig: Applying CVar settings from Section [/Script/Engine.RendererOverrideSettings] File [C:/Users/Data/Documents/GitHub/Lucid_Dream/Lightning/Saved/Config/Windows/Engine.ini]
[2019.05.24-01.02.58:968][  0]LogConfig: Applying CVar settings from Section [/Script/Engine.StreamingSettings] File [C:/Users/Data/Documents/GitHub/Lucid_Dream/Lightning/Saved/Config/Windows/Engine.ini]
[2019.05.24-01.02.58:968][  0]LogConfig: Setting CVar [[s.MinBulkDataSizeForAsyncLoading:131072]]
[2019.05.24-01.02.58:968][  0]LogConfig: Setting CVar [[s.AsyncLoadingThreadEnabled:0]]
[2019.05.24-01.02.58:968][  0]LogConfig: Setting CVar [[s.EventDrivenLoaderEnabled:1]]
[2019.05.24-01.02.58:968][  0]LogConfig: Setting CVar [[s.WarnIfTimeLimitExceeded:0]]
[2019.05.24-01.02.58:968][  0]LogConfig: Setting CVar [[s.TimeLimitExceededMultiplier:1.5]]
[2019.05.24-01.02.58:968][  0]LogConfig: Setting CVar [[s.TimeLimitExceededMinTime:0.005]]
[2019.05.24-01.02.58:968][  0]LogConfig: Setting CVar [[s.UseBackgroundLevelStreaming:1]]
[2019.05.24-01.02.58:968][  0]LogConfig: Setting CVar [[s.PriorityAsyncLoadingExtraTime:15.0]]
[2019.05.24-01.02.58:968][  0]LogConfig: Setting CVar [[s.LevelStreamingActorsUpdateTimeLimit:5.0]]
[2019.05.24-01.02.58:968][  0]LogConfig: Setting CVar [[s.PriorityLevelStreamingActorsUpdateExtraTime:5.0]]
[2019.05.24-01.02.58:968][  0]LogConfig: Setting CVar [[s.LevelStreamingComponentsRegistrationGranularity:10]]
[2019.05.24-01.02.58:968][  0]LogConfig: Setting CVar [[s.UnregisterComponentsTimeLimit:1.0]]
[2019.05.24-01.02.58:968][  0]LogConfig: Setting CVar [[s.LevelStreamingComponentsUnregistrationGranularity:5]]
[2019.05.24-01.02.58:968][  0]LogConfig: Applying CVar settings from Section [/Script/Engine.GarbageCollectionSettings] File [C:/Users/Data/Documents/GitHub/Lucid_Dream/Lightning/Saved/Config/Windows/Engine.ini]
[2019.05.24-01.02.58:968][  0]LogConfig: Setting CVar [[gc.MaxObjectsNotConsideredByGC:1]]
[2019.05.24-01.02.58:968][  0]LogConfig: Setting CVar [[gc.SizeOfPermanentObjectPool:0]]
[2019.05.24-01.02.58:968][  0]LogConfig: Setting CVar [[gc.FlushStreamingOnGC:0]]
[2019.05.24-01.02.58:968][  0]LogConfig: Setting CVar [[gc.NumRetriesBeforeForcingGC:10]]
[2019.05.24-01.02.58:968][  0]LogConfig: Setting CVar [[gc.AllowParallelGC:1]]
[2019.05.24-01.02.58:968][  0]LogConfig: Setting CVar [[gc.TimeBetweenPurgingPendingKillObjects:61.1]]
[2019.05.24-01.02.58:968][  0]LogConfig: Setting CVar [[gc.MaxObjectsInEditor:8388607]]
[2019.05.24-01.02.58:968][  0]LogConfig: Setting CVar [[gc.IncrementalBeginDestroyEnabled:1]]
[2019.05.24-01.02.58:968][  0]LogConfig: Setting CVar [[gc.CreateGCClusters:1]]
[2019.05.24-01.02.58:968][  0]LogConfig: Setting CVar [[gc.MergeGCClusters:0]]
[2019.05.24-01.02.58:968][  0]LogConfig: Setting CVar [[gc.MinGCClusterSize:5]]
[2019.05.24-01.02.58:968][  0]LogConfig: Setting CVar [[gc.ActorClusteringEnabled:0]]
[2019.05.24-01.02.58:968][  0]LogConfig: Setting CVar [[gc.BlueprintClusteringEnabled:0]]
[2019.05.24-01.02.58:968][  0]LogConfig: Setting CVar [[gc.UseDisregardForGCOnDedicatedServers:0]]
[2019.05.24-01.02.58:968][  0]LogConfig: Applying CVar settings from Section [/Script/Engine.NetworkSettings] File [C:/Users/Data/Documents/GitHub/Lucid_Dream/Lightning/Saved/Config/Windows/Engine.ini]
[2019.05.24-01.02.58:968][  0]LogConfig: Applying CVar settings from Section [/Script/UnrealEd.CookerSettings] File [C:/Users/Data/Documents/GitHub/Lucid_Dream/Lightning/Saved/Config/Windows/Engine.ini]
[2019.05.24-01.02.58:973][  0]LogConfig: Applying CVar settings from Section [ViewDistanceQuality@3] File [C:/Users/Data/Documents/GitHub/Lucid_Dream/Lightning/Saved/Config/Windows/Scalability.ini]
[2019.05.24-01.02.58:973][  0]LogConfig: Setting CVar [[r.SkeletalMeshLODBias:0]]
[2019.05.24-01.02.58:973][  0]LogConfig: Setting CVar [[r.ViewDistanceScale:1.0]]
[2019.05.24-01.02.58:973][  0]LogConfig: Applying CVar settings from Section [AntiAliasingQuality@3] File [C:/Users/Data/Documents/GitHub/Lucid_Dream/Lightning/Saved/Config/Windows/Scalability.ini]
[2019.05.24-01.02.58:973][  0]LogConfig: Setting CVar [[r.PostProcessAAQuality:4]]
[2019.05.24-01.02.58:973][  0]LogConfig: Applying CVar settings from Section [ShadowQuality@3] File [C:/Users/Data/Documents/GitHub/Lucid_Dream/Lightning/Saved/Config/Windows/Scalability.ini]
[2019.05.24-01.02.58:973][  0]LogConfig: Setting CVar [[r.LightFunctionQuality:1]]
[2019.05.24-01.02.58:973][  0]LogConfig: Setting CVar [[r.ShadowQuality:5]]
[2019.05.24-01.02.58:973][  0]LogConfig: Setting CVar [[r.Shadow.CSM.MaxCascades:10]]
[2019.05.24-01.02.58:973][  0]LogConfig: Setting CVar [[r.Shadow.MaxResolution:2048]]
[2019.05.24-01.02.58:973][  0]LogConfig: Setting CVar [[r.Shadow.MaxCSMResolution:2048]]
[2019.05.24-01.02.58:973][  0]LogConfig: Setting CVar [[r.Shadow.RadiusThreshold:0.01]]
[2019.05.24-01.02.58:973][  0]LogConfig: Setting CVar [[r.Shadow.DistanceScale:1.0]]
[2019.05.24-01.02.58:973][  0]LogConfig: Setting CVar [[r.Shadow.CSM.TransitionScale:1.0]]
[2019.05.24-01.02.58:973][  0]LogConfig: Setting CVar [[r.Shadow.PreShadowResolutionFactor:1.0]]
[2019.05.24-01.02.58:973][  0]LogConfig: Setting CVar [[r.DistanceFieldShadowing:1]]
[2019.05.24-01.02.58:973][  0]LogConfig: Setting CVar [[r.DistanceFieldAO:1]]
[2019.05.24-01.02.58:973][  0]LogConfig: Setting CVar [[r.AOQuality:2]]
[2019.05.24-01.02.58:973][  0]LogConfig: Setting CVar [[r.VolumetricFog:1]]
[2019.05.24-01.02.58:973][  0]LogConfig: Setting CVar [[r.VolumetricFog.GridPixelSize:8]]
[2019.05.24-01.02.58:973][  0]LogConfig: Setting CVar [[r.VolumetricFog.GridSizeZ:128]]
[2019.05.24-01.02.58:973][  0]LogConfig: Setting CVar [[r.VolumetricFog.HistoryMissSupersampleCount:4]]
[2019.05.24-01.02.58:973][  0]LogConfig: Setting CVar [[r.LightMaxDrawDistanceScale:1]]
[2019.05.24-01.02.58:973][  0]LogConfig: Setting CVar [[r.CapsuleShadows:1]]
[2019.05.24-01.02.58:973][  0]LogConfig: Applying CVar settings from Section [PostProcessQuality@3] File [C:/Users/Data/Documents/GitHub/Lucid_Dream/Lightning/Saved/Config/Windows/Scalability.ini]
[2019.05.24-01.02.58:973][  0]LogConfig: Setting CVar [[r.MotionBlurQuality:4]]
[2019.05.24-01.02.58:973][  0]LogConfig: Setting CVar [[r.AmbientOcclusionMipLevelFactor:0.4]]
[2019.05.24-01.02.58:973][  0]LogConfig: Setting CVar [[r.AmbientOcclusionMaxQuality:100]]
[2019.05.24-01.02.58:973][  0]LogConfig: Setting CVar [[r.AmbientOcclusionLevels:-1]]
[2019.05.24-01.02.58:973][  0]LogConfig: Setting CVar [[r.AmbientOcclusionRadiusScale:1.0]]
[2019.05.24-01.02.58:973][  0]LogConfig: Setting CVar [[r.DepthOfFieldQuality:2]]
[2019.05.24-01.02.58:973][  0]LogConfig: Setting CVar [[r.RenderTargetPoolMin:400]]
[2019.05.24-01.02.58:973][  0]LogConfig: Setting CVar [[r.LensFlareQuality:2]]
[2019.05.24-01.02.58:973][  0]LogConfig: Setting CVar [[r.SceneColorFringeQuality:1]]
[2019.05.24-01.02.58:973][  0]LogConfig: Setting CVar [[r.EyeAdaptationQuality:2]]
[2019.05.24-01.02.58:973][  0]LogConfig: Setting CVar [[r.BloomQuality:5]]
[2019.05.24-01.02.58:973][  0]LogConfig: Setting CVar [[r.FastBlurThreshold:100]]
[2019.05.24-01.02.58:973][  0]LogConfig: Setting CVar [[r.Upscale.Quality:3]]
[2019.05.24-01.02.58:973][  0]LogConfig: Setting CVar [[r.Tonemapper.GrainQuantization:1]]
[2019.05.24-01.02.58:973][  0]LogConfig: Setting CVar [[r.LightShaftQuality:1]]
[2019.05.24-01.02.58:973][  0]LogConfig: Setting CVar [[r.Filter.SizeScale:1]]
[2019.05.24-01.02.58:974][  0]LogConfig: Setting CVar [[r.Tonemapper.Quality:5]]
[2019.05.24-01.02.58:974][  0]LogConfig: Setting CVar [[r.DOF.Gather.AccumulatorQuality:1        ; higher gathering accumulator quality]]
[2019.05.24-01.02.58:974][  0]LogConfig: Setting CVar [[r.DOF.Gather.PostfilterMethod:1          ; Median3x3 postfilering method]]
[2019.05.24-01.02.58:974][  0]LogConfig: Setting CVar [[r.DOF.Gather.EnableBokehSettings:0       ; no bokeh simulation when gathering]]
[2019.05.24-01.02.58:974][  0]LogConfig: Setting CVar [[r.DOF.Gather.RingCount:4                 ; medium number of samples when gathering]]
[2019.05.24-01.02.58:974][  0]LogConfig: Setting CVar [[r.DOF.Scatter.ForegroundCompositing:1    ; additive foreground scattering]]
[2019.05.24-01.02.58:974][  0]LogConfig: Setting CVar [[r.DOF.Scatter.BackgroundCompositing:2    ; additive background scattering]]
[2019.05.24-01.02.58:974][  0]LogConfig: Setting CVar [[r.DOF.Scatter.EnableBokehSettings:1      ; bokeh simulation when scattering]]
[2019.05.24-01.02.58:974][  0]LogConfig: Setting CVar [[r.DOF.Scatter.MaxSpriteRatio:0.1         ; only a maximum of 10% of scattered bokeh]]
[2019.05.24-01.02.58:974][  0]LogConfig: Setting CVar [[r.DOF.Recombine.Quality:1                ; cheap slight out of focus]]
[2019.05.24-01.02.58:974][  0]LogConfig: Setting CVar [[r.DOF.Recombine.EnableBokehSettings:0    ; no bokeh simulation on slight out of focus]]
[2019.05.24-01.02.58:974][  0]LogConfig: Setting CVar [[r.DOF.TemporalAAQuality:1                ; more stable temporal accumulation]]
[2019.05.24-01.02.58:974][  0]LogConfig: Setting CVar [[r.DOF.Kernel.MaxForegroundRadius:0.025]]
[2019.05.24-01.02.58:974][  0]LogConfig: Setting CVar [[r.DOF.Kernel.MaxBackgroundRadius:0.025]]
[2019.05.24-01.02.58:974][  0]LogConfig: Applying CVar settings from Section [TextureQuality@3] File [C:/Users/Data/Documents/GitHub/Lucid_Dream/Lightning/Saved/Config/Windows/Scalability.ini]
[2019.05.24-01.02.58:974][  0]LogConfig: Setting CVar [[r.Streaming.MipBias:0]]
[2019.05.24-01.02.58:974][  0]LogConfig: Setting CVar [[r.Streaming.AmortizeCPUToGPUCopy:0]]
[2019.05.24-01.02.58:974][  0]LogConfig: Setting CVar [[r.Streaming.MaxNumTexturesToStreamPerFrame:0]]
[2019.05.24-01.02.58:974][  0]LogConfig: Setting CVar [[r.Streaming.Boost:1]]
[2019.05.24-01.02.58:974][  0]LogConfig: Setting CVar [[r.MaxAnisotropy:8]]
[2019.05.24-01.02.58:974][  0]LogConfig: Setting CVar [[r.Streaming.LimitPoolSizeToVRAM:0]]
[2019.05.24-01.02.58:974][  0]LogConfig: Setting CVar [[r.Streaming.PoolSize:1000]]
[2019.05.24-01.02.58:974][  0]LogConfig: Setting CVar [[r.Streaming.MaxEffectiveScreenSize:0]]
[2019.05.24-01.02.58:974][  0]LogConfig: Applying CVar settings from Section [EffectsQuality@3] File [C:/Users/Data/Documents/GitHub/Lucid_Dream/Lightning/Saved/Config/Windows/Scalability.ini]
[2019.05.24-01.02.58:974][  0]LogConfig: Setting CVar [[r.TranslucencyLightingVolumeDim:64]]
[2019.05.24-01.02.58:974][  0]LogConfig: Setting CVar [[r.RefractionQuality:2]]
[2019.05.24-01.02.58:974][  0]LogConfig: Setting CVar [[r.SSR.Quality:3]]
[2019.05.24-01.02.58:974][  0]LogConfig: Setting CVar [[r.SceneColorFormat:4]]
[2019.05.24-01.02.58:974][  0]LogConfig: Setting CVar [[r.DetailMode:2]]
[2019.05.24-01.02.58:974][  0]LogConfig: Setting CVar [[r.TranslucencyVolumeBlur:1]]
[2019.05.24-01.02.58:974][  0]LogConfig: Setting CVar [[r.MaterialQualityLevel:1 ; High quality]]
[2019.05.24-01.02.58:974][  0]LogConfig: Setting CVar [[r.SSS.Scale:1]]
[2019.05.24-01.02.58:974][  0]LogConfig: Setting CVar [[r.SSS.SampleSet:2]]
[2019.05.24-01.02.58:974][  0]LogConfig: Setting CVar [[r.SSS.Quality:1]]
[2019.05.24-01.02.58:974][  0]LogConfig: Setting CVar [[r.SSS.HalfRes:1]]
[2019.05.24-01.02.58:974][  0]LogConfig: Setting CVar [[r.EmitterSpawnRateScale:1.0]]
[2019.05.24-01.02.58:974][  0]LogConfig: Setting CVar [[r.ParticleLightQuality:2]]
[2019.05.24-01.02.58:974][  0]LogConfig: Applying CVar settings from Section [FoliageQuality@3] File [C:/Users/Data/Documents/GitHub/Lucid_Dream/Lightning/Saved/Config/Windows/Scalability.ini]
[2019.05.24-01.02.58:974][  0]LogConfig: Setting CVar [[foliage.DensityScale:1.0]]
[2019.05.24-01.02.58:974][  0]LogConfig: Setting CVar [[grass.DensityScale:1.0]]
[2019.05.24-01.02.58:974][  0]LogInit: Selected Device Profile: [Windows]
[2019.05.24-01.02.58:974][  0]LogInit: Applying CVar settings loaded from the selected device profile: [Windows]
[2019.05.24-01.02.58:991][  0]LogHAL: Display: Platform has ~ 8 GB [8548753408 / 8589934592 / 8], which maps to Default [LargestMinGB=32, LargerMinGB=12, DefaultMinGB=8, SmallerMinGB=6, SmallestMinGB=0)
[2019.05.24-01.02.58:991][  0]LogConfig: Setting CVar [[r.Vulkan.UseRealUBs:1]]
[2019.05.24-01.02.58:991][  0]LogInit: Going up to parent DeviceProfile []
[2019.05.24-01.02.58:991][  0]LogConfig: Applying CVar settings from Section [ViewDistanceQuality@3] File [C:/Users/Data/Documents/GitHub/Lucid_Dream/Lightning/Saved/Config/Windows/Scalability.ini]
[2019.05.24-01.02.58:991][  0]LogConfig: Setting CVar [[r.SkeletalMeshLODBias:0]]
[2019.05.24-01.02.58:991][  0]LogConfig: Setting CVar [[r.ViewDistanceScale:1.0]]
[2019.05.24-01.02.58:991][  0]LogConfig: Applying CVar settings from Section [AntiAliasingQuality@3] File [C:/Users/Data/Documents/GitHub/Lucid_Dream/Lightning/Saved/Config/Windows/Scalability.ini]
[2019.05.24-01.02.58:991][  0]LogConfig: Setting CVar [[r.PostProcessAAQuality:4]]
[2019.05.24-01.02.58:991][  0]LogConfig: Applying CVar settings from Section [ShadowQuality@3] File [C:/Users/Data/Documents/GitHub/Lucid_Dream/Lightning/Saved/Config/Windows/Scalability.ini]
[2019.05.24-01.02.58:991][  0]LogConfig: Setting CVar [[r.LightFunctionQuality:1]]
[2019.05.24-01.02.58:991][  0]LogConfig: Setting CVar [[r.ShadowQuality:5]]
[2019.05.24-01.02.58:991][  0]LogConfig: Setting CVar [[r.Shadow.CSM.MaxCascades:10]]
[2019.05.24-01.02.58:991][  0]LogConfig: Setting CVar [[r.Shadow.MaxResolution:2048]]
[2019.05.24-01.02.58:991][  0]LogConfig: Setting CVar [[r.Shadow.MaxCSMResolution:2048]]
[2019.05.24-01.02.58:991][  0]LogConfig: Setting CVar [[r.Shadow.RadiusThreshold:0.01]]
[2019.05.24-01.02.58:991][  0]LogConfig: Setting CVar [[r.Shadow.DistanceScale:1.0]]
[2019.05.24-01.02.58:991][  0]LogConfig: Setting CVar [[r.Shadow.CSM.TransitionScale:1.0]]
[2019.05.24-01.02.58:991][  0]LogConfig: Setting CVar [[r.Shadow.PreShadowResolutionFactor:1.0]]
[2019.05.24-01.02.58:991][  0]LogConfig: Setting CVar [[r.DistanceFieldShadowing:1]]
[2019.05.24-01.02.58:991][  0]LogConfig: Setting CVar [[r.DistanceFieldAO:1]]
[2019.05.24-01.02.58:991][  0]LogConfig: Setting CVar [[r.AOQuality:2]]
[2019.05.24-01.02.58:991][  0]LogConfig: Setting CVar [[r.VolumetricFog:1]]
[2019.05.24-01.02.58:991][  0]LogConfig: Setting CVar [[r.VolumetricFog.GridPixelSize:8]]
[2019.05.24-01.02.58:991][  0]LogConfig: Setting CVar [[r.VolumetricFog.GridSizeZ:128]]
[2019.05.24-01.02.58:991][  0]LogConfig: Setting CVar [[r.VolumetricFog.HistoryMissSupersampleCount:4]]
[2019.05.24-01.02.58:991][  0]LogConfig: Setting CVar [[r.LightMaxDrawDistanceScale:1]]
[2019.05.24-01.02.58:992][  0]LogConfig: Setting CVar [[r.CapsuleShadows:1]]
[2019.05.24-01.02.58:992][  0]LogConfig: Applying CVar settings from Section [PostProcessQuality@3] File [C:/Users/Data/Documents/GitHub/Lucid_Dream/Lightning/Saved/Config/Windows/Scalability.ini]
[2019.05.24-01.02.58:992][  0]LogConfig: Setting CVar [[r.MotionBlurQuality:4]]
[2019.05.24-01.02.58:992][  0]LogConfig: Setting CVar [[r.AmbientOcclusionMipLevelFactor:0.4]]
[2019.05.24-01.02.58:992][  0]LogConfig: Setting CVar [[r.AmbientOcclusionMaxQuality:100]]
[2019.05.24-01.02.58:992][  0]LogConfig: Setting CVar [[r.AmbientOcclusionLevels:-1]]
[2019.05.24-01.02.58:992][  0]LogConfig: Setting CVar [[r.AmbientOcclusionRadiusScale:1.0]]
[2019.05.24-01.02.58:992][  0]LogConfig: Setting CVar [[r.DepthOfFieldQuality:2]]
[2019.05.24-01.02.58:992][  0]LogConfig: Setting CVar [[r.RenderTargetPoolMin:400]]
[2019.05.24-01.02.58:992][  0]LogConfig: Setting CVar [[r.LensFlareQuality:2]]
[2019.05.24-01.02.58:992][  0]LogConfig: Setting CVar [[r.SceneColorFringeQuality:1]]
[2019.05.24-01.02.58:992][  0]LogConfig: Setting CVar [[r.EyeAdaptationQuality:2]]
[2019.05.24-01.02.58:992][  0]LogConfig: Setting CVar [[r.BloomQuality:5]]
[2019.05.24-01.02.58:992][  0]LogConfig: Setting CVar [[r.FastBlurThreshold:100]]
[2019.05.24-01.02.58:992][  0]LogConfig: Setting CVar [[r.Upscale.Quality:3]]
[2019.05.24-01.02.58:992][  0]LogConfig: Setting CVar [[r.Tonemapper.GrainQuantization:1]]
[2019.05.24-01.02.58:992][  0]LogConfig: Setting CVar [[r.LightShaftQuality:1]]
[2019.05.24-01.02.58:992][  0]LogConfig: Setting CVar [[r.Filter.SizeScale:1]]
[2019.05.24-01.02.58:992][  0]LogConfig: Setting CVar [[r.Tonemapper.Quality:5]]
[2019.05.24-01.02.58:992][  0]LogConfig: Setting CVar [[r.DOF.Gather.AccumulatorQuality:1        ; higher gathering accumulator quality]]
[2019.05.24-01.02.58:992][  0]LogConfig: Setting CVar [[r.DOF.Gather.PostfilterMethod:1          ; Median3x3 postfilering method]]
[2019.05.24-01.02.58:992][  0]LogConfig: Setting CVar [[r.DOF.Gather.EnableBokehSettings:0       ; no bokeh simulation when gathering]]
[2019.05.24-01.02.58:992][  0]LogConfig: Setting CVar [[r.DOF.Gather.RingCount:4                 ; medium number of samples when gathering]]
[2019.05.24-01.02.58:992][  0]LogConfig: Setting CVar [[r.DOF.Scatter.ForegroundCompositing:1    ; additive foreground scattering]]
[2019.05.24-01.02.58:992][  0]LogConfig: Setting CVar [[r.DOF.Scatter.BackgroundCompositing:2    ; additive background scattering]]
[2019.05.24-01.02.58:992][  0]LogConfig: Setting CVar [[r.DOF.Scatter.EnableBokehSettings:1      ; bokeh simulation when scattering]]
[2019.05.24-01.02.58:992][  0]LogConfig: Setting CVar [[r.DOF.Scatter.MaxSpriteRatio:0.1         ; only a maximum of 10% of scattered bokeh]]
[2019.05.24-01.02.58:992][  0]LogConfig: Setting CVar [[r.DOF.Recombine.Quality:1                ; cheap slight out of focus]]
[2019.05.24-01.02.58:992][  0]LogConfig: Setting CVar [[r.DOF.Recombine.EnableBokehSettings:0    ; no bokeh simulation on slight out of focus]]
[2019.05.24-01.02.58:992][  0]LogConfig: Setting CVar [[r.DOF.TemporalAAQuality:1                ; more stable temporal accumulation]]
[2019.05.24-01.02.58:992][  0]LogConfig: Setting CVar [[r.DOF.Kernel.MaxForegroundRadius:0.025]]
[2019.05.24-01.02.58:992][  0]LogConfig: Setting CVar [[r.DOF.Kernel.MaxBackgroundRadius:0.025]]
[2019.05.24-01.02.58:992][  0]LogConfig: Applying CVar settings from Section [TextureQuality@3] File [C:/Users/Data/Documents/GitHub/Lucid_Dream/Lightning/Saved/Config/Windows/Scalability.ini]
[2019.05.24-01.02.58:992][  0]LogConfig: Setting CVar [[r.Streaming.MipBias:0]]
[2019.05.24-01.02.58:992][  0]LogConfig: Setting CVar [[r.Streaming.AmortizeCPUToGPUCopy:0]]
[2019.05.24-01.02.58:992][  0]LogConfig: Setting CVar [[r.Streaming.MaxNumTexturesToStreamPerFrame:0]]
[2019.05.24-01.02.58:992][  0]LogConfig: Setting CVar [[r.Streaming.Boost:1]]
[2019.05.24-01.02.58:992][  0]LogConfig: Setting CVar [[r.MaxAnisotropy:8]]
[2019.05.24-01.02.58:992][  0]LogConfig: Setting CVar [[r.Streaming.LimitPoolSizeToVRAM:0]]
[2019.05.24-01.02.58:992][  0]LogConfig: Setting CVar [[r.Streaming.PoolSize:1000]]
[2019.05.24-01.02.58:992][  0]LogConfig: Setting CVar [[r.Streaming.MaxEffectiveScreenSize:0]]
[2019.05.24-01.02.58:992][  0]LogConfig: Applying CVar settings from Section [EffectsQuality@3] File [C:/Users/Data/Documents/GitHub/Lucid_Dream/Lightning/Saved/Config/Windows/Scalability.ini]
[2019.05.24-01.02.58:992][  0]LogConfig: Setting CVar [[r.TranslucencyLightingVolumeDim:64]]
[2019.05.24-01.02.58:992][  0]LogConfig: Setting CVar [[r.RefractionQuality:2]]
[2019.05.24-01.02.58:992][  0]LogConfig: Setting CVar [[r.SSR.Quality:3]]
[2019.05.24-01.02.58:992][  0]LogConfig: Setting CVar [[r.SceneColorFormat:4]]
[2019.05.24-01.02.58:992][  0]LogConfig: Setting CVar [[r.DetailMode:2]]
[2019.05.24-01.02.58:992][  0]LogConfig: Setting CVar [[r.TranslucencyVolumeBlur:1]]
[2019.05.24-01.02.58:992][  0]LogConfig: Setting CVar [[r.MaterialQualityLevel:1 ; High quality]]
[2019.05.24-01.02.58:992][  0]LogConfig: Setting CVar [[r.SSS.Scale:1]]
[2019.05.24-01.02.58:992][  0]LogConfig: Setting CVar [[r.SSS.SampleSet:2]]
[2019.05.24-01.02.58:992][  0]LogConfig: Setting CVar [[r.SSS.Quality:1]]
[2019.05.24-01.02.58:992][  0]LogConfig: Setting CVar [[r.SSS.HalfRes:1]]
[2019.05.24-01.02.58:992][  0]LogConfig: Setting CVar [[r.EmitterSpawnRateScale:1.0]]
[2019.05.24-01.02.58:992][  0]LogConfig: Setting CVar [[r.ParticleLightQuality:2]]
[2019.05.24-01.02.58:993][  0]LogConfig: Applying CVar settings from Section [FoliageQuality@3] File [C:/Users/Data/Documents/GitHub/Lucid_Dream/Lightning/Saved/Config/Windows/Scalability.ini]
[2019.05.24-01.02.58:993][  0]LogConfig: Setting CVar [[foliage.DensityScale:1.0]]
[2019.05.24-01.02.58:993][  0]LogConfig: Setting CVar [[grass.DensityScale:1.0]]
[2019.05.24-01.02.58:993][  0]LogConfig: Applying CVar settings from Section [Startup] File [../../../Engine/Config/ConsoleVariables.ini]
[2019.05.24-01.02.58:993][  0]LogConfig: Setting CVar [[net.UseAdaptiveNetUpdateFrequency:0]]
[2019.05.24-01.02.58:993][  0]LogConfig: Applying CVar settings from Section [ConsoleVariables] File [C:/Users/Data/Documents/GitHub/Lucid_Dream/Lightning/Saved/Config/Windows/Engine.ini]
[2019.05.24-01.02.58:993][  0]LogInit: Computer: ATLAS
[2019.05.24-01.02.58:993][  0]LogInit: User: Data
[2019.05.24-01.02.58:993][  0]LogInit: CPU Page size=4096, Cores=4
[2019.05.24-01.02.58:993][  0]LogInit: High frequency timer resolution =3.924234 MHz
[2019.05.24-01.02.58:993][  0]LogMemory: Memory total: Physical=8.0GB (8GB approx)
[2019.05.24-01.02.58:993][  0]LogMemory: Platform Memory Stats for Windows
[2019.05.24-01.02.58:993][  0]LogMemory: Process Physical Memory: 102.13 MB used, 102.13 MB peak
[2019.05.24-01.02.58:993][  0]LogMemory: Process Virtual Memory: 91.57 MB used, 91.57 MB peak
[2019.05.24-01.02.58:993][  0]LogMemory: Physical Memory: 5486.61 MB used,  2666.12 MB free, 8152.73 MB total
[2019.05.24-01.02.58:993][  0]LogMemory: Virtual Memory: 4647.96 MB used,  134213080.00 MB free, 134217728.00 MB total
[2019.05.24-01.02.59:014][  0]LogInit: Using OS detected language (en-US).
[2019.05.24-01.02.59:014][  0]LogInit: Using OS detected locale (en-US).
[2019.05.24-01.02.59:015][  0]LogTextLocalizationManager: No specific localization for 'en-US' exists, so the 'en' localization will be used.
[2019.05.24-01.02.59:527][  0]LogStreaming: Display: Took  0.513s to InitEngineTextLocalization.
[2019.05.24-01.02.59:527][  0]LogInit: Setting process to per monitor DPI aware
[2019.05.24-01.02.59:572][  0]LogSlate: New Slate User Created.  User Index 0, Is Virtual User: 0
[2019.05.24-01.02.59:572][  0]LogSlate: Slate User Registered.  User Index 0, Is Virtual User: 0
[2019.05.24-01.02.59:811][  0]LogHMD: Failed to initialize OpenVR with code 105
[2019.05.24-01.02.59:811][  0]LogD3D11RHI: D3D11 adapters:
[2019.05.24-01.02.59:851][  0]LogD3D11RHI:    0. 'Radeon(TM) RX 460 Graphics' (Feature Level 11_0)
[2019.05.24-01.02.59:851][  0]LogD3D11RHI:       4076/0/4076 MB DedicatedVideo/DedicatedSystem/SharedSystem, Outputs:1, VendorId:0x1002
[2019.05.24-01.02.59:854][  0]LogD3D11RHI:    1. 'Microsoft Basic Render Driver' (Feature Level 11_0)
[2019.05.24-01.02.59:854][  0]LogD3D11RHI:       0/0/4076 MB DedicatedVideo/DedicatedSystem/SharedSystem, Outputs:0, VendorId:0x1414
[2019.05.24-01.02.59:854][  0]LogD3D11RHI: Chosen D3D11 Adapter: 0
[2019.05.24-01.02.59:874][  0]LogD3D11RHI: Creating new Direct3DDevice
[2019.05.24-01.02.59:874][  0]LogD3D11RHI:     GPU DeviceId: 0x67ef (for the marketing name, search the web for "GPU Device Id")
[2019.05.24-01.02.59:874][  0]LogWindows: EnumDisplayDevices:
[2019.05.24-01.02.59:874][  0]LogWindows:    0. 'Radeon(TM) RX 460 Graphics' (P:1 D:1)
[2019.05.24-01.02.59:875][  0]LogWindows:    1. 'Radeon(TM) RX 460 Graphics' (P:0 D:0)
[2019.05.24-01.02.59:875][  0]LogWindows:    2. 'Radeon(TM) RX 460 Graphics' (P:0 D:0)
[2019.05.24-01.02.59:876][  0]LogWindows:    3. 'Radeon(TM) RX 460 Graphics' (P:0 D:0)
[2019.05.24-01.02.59:876][  0]LogWindows:    4. 'Radeon(TM) RX 460 Graphics' (P:0 D:0)
[2019.05.24-01.02.59:877][  0]LogWindows:    5. 'Radeon(TM) RX 460 Graphics' (P:0 D:0)
[2019.05.24-01.02.59:877][  0]LogWindows:    6. 'Radeon(TM) RX 460 Graphics' (P:0 D:0)
[2019.05.24-01.02.59:878][  0]LogWindows: DebugString: FoundDriverCount:7 
[2019.05.24-01.02.59:878][  0]LogD3D11RHI:     Adapter Name: Radeon(TM) RX 460 Graphics
[2019.05.24-01.02.59:878][  0]LogD3D11RHI:   Driver Version: Adrenalin 2019 19.4.3 (internal:25.20.15031.9002, unified:25.20.15031.9002)
[2019.05.24-01.02.59:878][  0]LogD3D11RHI:      Driver Date: 4-15-2019
[2019.05.24-01.02.59:878][  0]LogRHI: Texture pool is 2853 MB (70% of 4076 MB)
[2019.05.24-01.02.59:976][  0]LogD3D11RHI: Async texture creation enabled
[2019.05.24-01.02.59:989][  0]LogD3D11RHI: GPU Timing Frequency: 25.000000 (Debug: 2 1)
[2019.05.24-01.03.00:991][  0]LogTemp: Display: Loaded TP AllDesktopTargetPlatform
[2019.05.24-01.03.01:013][  0]LogTemp: Display: Loaded TP MacClientTargetPlatform
[2019.05.24-01.03.01:031][  0]LogTemp: Display: Loaded TP MacNoEditorTargetPlatform
[2019.05.24-01.03.01:049][  0]LogTemp: Display: Loaded TP MacServerTargetPlatform
[2019.05.24-01.03.01:070][  0]LogTemp: Display: Loaded TP MacTargetPlatform
[2019.05.24-01.03.01:095][  0]LogTemp: Display: Loaded TP WindowsClientTargetPlatform
[2019.05.24-01.03.01:120][  0]LogTemp: Display: Loaded TP WindowsNoEditorTargetPlatform
[2019.05.24-01.03.01:145][  0]LogTemp: Display: Loaded TP WindowsServerTargetPlatform
[2019.05.24-01.03.01:155][  0]LogTemp: Display: Loaded TP WindowsTargetPlatform
[2019.05.24-01.03.01:315][  0]LogTemp: Display: Loaded TP AndroidTargetPlatform
[2019.05.24-01.03.01:315][  0]LogTemp: Display: Loaded TP AndroidTargetPlatform
[2019.05.24-01.03.01:315][  0]LogTemp: Display: Loaded TP AndroidTargetPlatform
[2019.05.24-01.03.01:315][  0]LogTemp: Display: Loaded TP AndroidTargetPlatform
[2019.05.24-01.03.01:315][  0]LogTemp: Display: Loaded TP AndroidTargetPlatform
[2019.05.24-01.03.01:315][  0]LogTemp: Display: Loaded TP AndroidTargetPlatform
[2019.05.24-01.03.01:315][  0]LogTemp: Display: Loaded TP AndroidTargetPlatform
[2019.05.24-01.03.01:315][  0]LogTemp: Display: Loaded TP AndroidTargetPlatform
[2019.05.24-01.03.01:315][  0]LogTemp: Display: Loaded TP AndroidTargetPlatform
[2019.05.24-01.03.01:315][  0]LogTemp: Display: Loaded TP AndroidTargetPlatform
[2019.05.24-01.03.01:315][  0]LogTemp: Display: Loaded TP AndroidTargetPlatform
[2019.05.24-01.03.01:315][  0]LogTemp: Display: Loaded TP AndroidTargetPlatform
[2019.05.24-01.03.01:315][  0]LogTemp: Display: Loaded TP AndroidTargetPlatform
[2019.05.24-01.03.01:315][  0]LogTemp: Display: Loaded TP AndroidTargetPlatform
[2019.05.24-01.03.01:315][  0]LogTemp: Display: Loaded TP AndroidTargetPlatform
[2019.05.24-01.03.01:315][  0]LogTemp: Display: Loaded TP AndroidTargetPlatform
[2019.05.24-01.03.01:315][  0]LogTemp: Display: Loaded TP AndroidTargetPlatform
[2019.05.24-01.03.01:315][  0]LogTemp: Display: Loaded TP AndroidTargetPlatform
[2019.05.24-01.03.01:317][  0]LogTemp: Display: Loaded TP HTML5TargetPlatform
[2019.05.24-01.03.01:405][  0]LogTemp: Display: Loaded TP IOSTargetPlatform
[2019.05.24-01.03.01:405][  0]LogTemp: Display: Loaded TP IOSTargetPlatform
[2019.05.24-01.03.01:443][  0]LogTemp: Display: Loaded TP TVOSTargetPlatform
[2019.05.24-01.03.01:443][  0]LogTemp: Display: Loaded TP TVOSTargetPlatform
[2019.05.24-01.03.01:462][  0]LogTemp: Display: Loaded TP LinuxClientTargetPlatform
[2019.05.24-01.03.01:481][  0]LogTemp: Display: Loaded TP LinuxNoEditorTargetPlatform
[2019.05.24-01.03.01:501][  0]LogTemp: Display: Loaded TP LinuxServerTargetPlatform
[2019.05.24-01.03.01:524][  0]LogTemp: Display: Loaded TP LinuxTargetPlatform
[2019.05.24-01.03.01:592][  0]LogTemp: Display: Loaded TP LuminTargetPlatform
[2019.05.24-01.03.01:592][  0]LogTemp: Display: Loaded TP LuminTargetPlatform
[2019.05.24-01.03.01:592][  0]LogTargetPlatformManager: Display: Building Assets For Windows
[2019.05.24-01.03.01:646][  0]LogShaderCompilers: Guid format shader working directory is -8 characters bigger than the processId version (C:/Users/Data/Documents/GitHub/Lucid_Dream/Lightning/Intermediate/Shaders/WorkingDirectory/16176/).
[2019.05.24-01.03.01:647][  0]LogShaderCompilers: Cleaned the shader compiler working directory 'C:/Users/Data/AppData/Local/Temp/UnrealShaderWorkingDir/644F8D2A4EEE57F32B36EE95EEA788EB/'.
[2019.05.24-01.03.01:648][  0]LogXGEController: Cannot use XGE Controller as Incredibuild is not installed on this machine.
[2019.05.24-01.03.01:648][  0]LogShaderCompilers: Cannot use XGE Shader Compiler as Incredibuild is not installed on this machine.
[2019.05.24-01.03.01:648][  0]LogShaderCompilers: Display: Using Local Shader Compiler.
[2019.05.24-01.03.03:441][  0]LogDerivedDataCache: Display: Max Cache Size: 512 MB
[2019.05.24-01.03.03:562][  0]LogDerivedDataCache: Loaded boot cache 0.12s 71MB C:/Users/Data/AppData/Local/UnrealEngine/4.21/DerivedDataCache/Boot.ddc.
[2019.05.24-01.03.03:562][  0]LogDerivedDataCache: Display: Loaded Boot cache: C:/Users/Data/AppData/Local/UnrealEngine/4.21/DerivedDataCache/Boot.ddc
[2019.05.24-01.03.03:562][  0]LogDerivedDataCache: FDerivedDataBackendGraph:  Pak pak cache file C:/Users/Data/Documents/GitHub/Lucid_Dream/Lightning/DerivedDataCache/DDC.ddp not found, will not use a pak cache.
[2019.05.24-01.03.03:562][  0]LogDerivedDataCache: Unable to find inner node Pak for hierarchical cache Hierarchy.
[2019.05.24-01.03.03:562][  0]LogDerivedDataCache: FDerivedDataBackendGraph:  CompressedPak pak cache file C:/Users/Data/Documents/GitHub/Lucid_Dream/Lightning/DerivedDataCache/Compressed.ddp not found, will not use a pak cache.
[2019.05.24-01.03.03:562][  0]LogDerivedDataCache: Unable to find inner node CompressedPak for hierarchical cache Hierarchy.
[2019.05.24-01.03.03:586][  0]LogDerivedDataCache: Display: Pak cache opened for reading ../../../Engine/DerivedDataCache/Compressed.ddp.
[2019.05.24-01.03.03:586][  0]LogDerivedDataCache: FDerivedDataBackendGraph:  EnterprisePak pak cache file ../../../Enterprise/DerivedDataCache/Compressed.ddp not found, will not use a pak cache.
[2019.05.24-01.03.03:586][  0]LogDerivedDataCache: Unable to find inner node EnterprisePak for hierarchical cache Hierarchy.
[2019.05.24-01.03.03:599][  0]LogDerivedDataCache: Using Local data cache path C:/Users/Data/AppData/Local/UnrealEngine/Common/DerivedDataCache: Writable
[2019.05.24-01.03.03:599][  0]LogDerivedDataCache: Shared data cache path not found in *engine.ini, will not use an Shared cache.
[2019.05.24-01.03.03:599][  0]LogDerivedDataCache: Unable to find inner node Shared for hierarchical cache Hierarchy.
[2019.05.24-01.03.03:633][  0]LogMaterial: Verifying Global Shaders for PCD3D_SM5
[2019.05.24-01.03.03:637][  0]LogSlate: Using FreeType 2.6.0
[2019.05.24-01.03.03:665][  0]LogSlate: SlateFontServices - WITH_FREETYPE: 1, WITH_HARFBUZZ: 1
[2019.05.24-01.03.04:220][  0]LogAssetRegistry: FAssetRegistry took 0.0424 seconds to start up
[2019.05.24-01.03.04:744][  0]LogInit: Selected Device Profile: [Windows]
[2019.05.24-01.03.04:843][  0]LogSimplygon: Simplygon DLL not present - disabling.
[2019.05.24-01.03.04:846][  0]LogMeshReduction: Using SimplygonSwarm for distributed automatic mesh merging
[2019.05.24-01.03.04:846][  0]LogMeshReduction: Using ProxyLODMeshReduction for automatic mesh merging
[2019.05.24-01.03.04:846][  0]LogMeshReduction: Using QuadricMeshReduction for automatic static mesh reduction
[2019.05.24-01.03.04:846][  0]LogMeshReduction: No automatic skeletal mesh reduction module available
[2019.05.24-01.03.04:977][  0]LogNetVersion: Lightning 1.0.0, NetCL: 4541578, EngineNetVer: 5, GameNetVer: 0 (Checksum: 2497563065)
[2019.05.24-01.03.05:763][  0]LogPackageLocalizationCache: Processed 11 localized package path(s) for 2 prioritized culture(s) in 0.198915 seconds
[2019.05.24-01.03.05:775][  0]LogUObjectArray: 39775 objects as part of root set at end of initial load.
[2019.05.24-01.03.05:775][  0]LogUObjectAllocator: 6914664 out of 0 bytes used by permanent object pool.
[2019.05.24-01.03.05:775][  0]LogUObjectArray: CloseDisregardForGC: 0/0 objects in disregard for GC pool
[2019.05.24-01.03.10:742][  0]LogTcpMessaging: Initializing TcpMessaging bridge
[2019.05.24-01.03.10:756][  0]LogUdpMessaging: Initializing bridge on interface 0.0.0.0:0 to multicast group 230.0.0.1:6666.
[2019.05.24-01.03.11:704][  0]SourceControl: Source control is disabled
[2019.05.24-01.03.11:704][  0]SourceControl: Source control is disabled
[2019.05.24-01.03.11:706][  0]SourceControl: Source control is disabled
[2019.05.24-01.03.11:706][  0]SourceControl: Source control is disabled
[2019.05.24-01.03.11:915][  0]LogAndroidPermission: UAndroidPermissionCallbackProxy::GetInstance
[2019.05.24-01.03.12:042][  0]LogOcInput: OculusInput pre-init called
[2019.05.24-01.03.12:203][  0]LogEngine: Initializing Engine...
[2019.05.24-01.03.12:207][  0]LogHMD: Failed to initialize OpenVR with code 105
[2019.05.24-01.03.12:209][  0]LogStats: UGameplayTagsManager::ConstructGameplayTagTree: ImportINI prefixes -  0.000 s
[2019.05.24-01.03.12:209][  0]LogStats: UGameplayTagsManager::ConstructGameplayTagTree: Construct from data asset -  0.000 s
[2019.05.24-01.03.12:209][  0]LogStats: UGameplayTagsManager::ConstructGameplayTagTree: ImportINI -  0.000 s
[2019.05.24-01.03.12:209][  0]LogStats: UGameplayTagsManager::ConstructGameplayTagTree: GameplayTagTreeChangedEvent.Broadcast -  0.000 s
[2019.05.24-01.03.12:540][  0]LogInit: Initializing FReadOnlyCVARCache
[2019.05.24-01.03.12:557][  0]LogAIModule: Creating AISystem for world Untitled
[2019.05.24-01.03.12:632][  0]LogInit: XAudio2 using 'Speakers (6- USB Audio Device)' : 2 channels at 48 kHz using 16 bits per sample (channel mask 0x3)
[2019.05.24-01.03.12:685][  0]LogInit: FAudioDevice initialized.
[2019.05.24-01.03.12:685][  0]LogNetVersion: Set ProjectVersion to 1.0.0.0. Version Checksum will be recalculated on next use.
[2019.05.24-01.03.13:842][  0]LogDerivedDataCache: Saved boot cache 1.16s 71MB C:/Users/Data/AppData/Local/UnrealEngine/4.21/DerivedDataCache/Boot.ddc.
[2019.05.24-01.03.13:867][  0]LogInit: Texture streaming: Enabled
[2019.05.24-01.03.13:897][  0]LogEngineSessionManager: EngineSessionManager initialized
[2019.05.24-01.03.13:922][  0]LogInit: Transaction tracking system initialized
[2019.05.24-01.03.13:942][  0]BlueprintLog: New page: Editor Load
[2019.05.24-01.03.14:043][  0]LocalizationService: Localization service is disabled
[2019.05.24-01.03.14:685][  0]LogFileCache: Scanning file cache for directory 'C:/Users/Data/Documents/GitHub/Lucid_Dream/Lightning/Content/' took 0.02s
[2019.05.24-01.03.14:685][  0]LogCook: Display: Max memory allowance for cook 16384mb min free memory 0mb
[2019.05.24-01.03.14:685][  0]LogCook: Display: Mobile HDR setting 1
[2019.05.24-01.03.14:685][  0]LogGameplayTags: Display: UGameplayTagsManager::DoneAddingNativeTags. DelegateIsBound: 0
[2019.05.24-01.03.14:685][  0]LogStats: UGameplayTagsManager::ConstructGameplayTagTree: ImportINI prefixes -  0.000 s
[2019.05.24-01.03.14:685][  0]LogStats: UGameplayTagsManager::ConstructGameplayTagTree: Construct from data asset -  0.000 s
[2019.05.24-01.03.14:685][  0]LogStats: UGameplayTagsManager::ConstructGameplayTagTree: ImportINI -  0.000 s
[2019.05.24-01.03.14:685][  0]LogStats: UGameplayTagsManager::ConstructGameplayTagTree: GameplayTagTreeChangedEvent.Broadcast -  0.000 s
[2019.05.24-01.03.14:981][  0]SourceControl: Source control is disabled
[2019.05.24-01.03.14:981][  0]Cmd: MAP LOAD FILE="C:/Users/Data/Documents/GitHub/Lucid_Dream/Lightning/Content/ThirdPersonBP/Maps/ThirdPersonExampleMap.umap" TEMPLATE=0 SHOWPROGRESS=1 FEATURELEVEL=3
[2019.05.24-01.03.15:103][  0]LightingResults: New page: Lighting Build
[2019.05.24-01.03.15:105][  0]MapCheck: New page: Map Check
[2019.05.24-01.03.15:106][  0]LightingResults: New page: Lighting Build
[2019.05.24-01.03.24:934][  0]LogAIModule: Creating AISystem for world ThirdPersonExampleMap
[2019.05.24-01.03.24:951][  0]LogEditorServer: Finished looking for orphan Actors (0.000 secs)
[2019.05.24-01.03.25:030][  0]Cmd: MAP CHECKDEP NOCLEARLOG
[2019.05.24-01.03.25:031][  0]MapCheck: Map check complete: 0 Error(s), 0 Warning(s), took 0.253ms to complete.
[2019.05.24-01.03.25:031][  0]LogFileHelpers: Loading map 'ThirdPersonExampleMap' took 10.050
[2019.05.24-01.03.25:200][  0]LogSlate: Updating window title bar state: overlay mode, drag disabled, window buttons hidden, title bar hidden
[2019.05.24-01.03.25:210][  0]LogSlate: Updating window title bar state: overlay mode, drag disabled, window buttons hidden, title bar hidden
[2019.05.24-01.03.25:221][  0]LogSlate: Updating window title bar state: overlay mode, drag disabled, window buttons hidden, title bar hidden
[2019.05.24-01.03.25:231][  0]LogSlate: Updating window title bar state: overlay mode, drag disabled, window buttons hidden, title bar hidden
[2019.05.24-01.03.25:242][  0]LogCollectionManager: Loaded 0 collections in 0.000877 seconds
[2019.05.24-01.03.25:363][  0]LogFileCache: Scanning file cache for directory 'C:/Users/Data/Documents/GitHub/Lucid_Dream/Lightning/Saved/Collections/' took 0.01s
[2019.05.24-01.03.25:363][  0]LogFileCache: Scanning file cache for directory 'C:/Users/Data/Documents/GitHub/Lucid_Dream/Lightning/Content/Developers/Data/Collections/' took 0.01s
[2019.05.24-01.03.25:363][  0]LogFileCache: Scanning file cache for directory 'C:/Users/Data/Documents/GitHub/Lucid_Dream/Lightning/Content/Collections/' took 0.01s
[2019.05.24-01.03.25:363][  0]LogCollectionManager: Rebuilt the GUID cache for 0 collections in 0.000000 seconds
[2019.05.24-01.03.25:379][  0]LogContentBrowser: Native class hierarchy populated in 0.0156 seconds. Added 2651 classes and 620 folders.
[2019.05.24-01.03.25:385][  0]LogContentBrowser: Native class hierarchy updated for 'WidgetCarousel' in 0.0003 seconds. Added 0 classes and 0 folders.
[2019.05.24-01.03.25:401][  0]LogPakFile: Registered encryption key '00000000000000000000000000000000': 0 pak files mounted, 0 remain pending
[2019.05.24-01.03.25:402][  0]LogPakFile: Registered encryption key '00000000000000000000000000000000': 0 pak files mounted, 0 remain pending
[2019.05.24-01.03.25:402][  0]LogPakFile: Registered encryption key '00000000000000000000000000000000': 0 pak files mounted, 0 remain pending
[2019.05.24-01.03.25:403][  0]LogPakFile: Registered encryption key '00000000000000000000000000000000': 0 pak files mounted, 0 remain pending
[2019.05.24-01.03.25:403][  0]LogPakFile: Registered encryption key '00000000000000000000000000000000': 0 pak files mounted, 0 remain pending
[2019.05.24-01.03.25:404][  0]LogPakFile: Registered encryption key '00000000000000000000000000000000': 0 pak files mounted, 0 remain pending
[2019.05.24-01.03.25:404][  0]LogPakFile: Registered encryption key '00000000000000000000000000000000': 0 pak files mounted, 0 remain pending
[2019.05.24-01.03.25:405][  0]LogPakFile: Registered encryption key '00000000000000000000000000000000': 0 pak files mounted, 0 remain pending
[2019.05.24-01.03.25:406][  0]LogPakFile: Registered encryption key '00000000000000000000000000000000': 0 pak files mounted, 0 remain pending
[2019.05.24-01.03.25:406][  0]LogPakFile: Registered encryption key '00000000000000000000000000000000': 0 pak files mounted, 0 remain pending
[2019.05.24-01.03.25:407][  0]LogPakFile: Registered encryption key '00000000000000000000000000000000': 0 pak files mounted, 0 remain pending
[2019.05.24-01.03.25:407][  0]LogPakFile: Registered encryption key '00000000000000000000000000000000': 0 pak files mounted, 0 remain pending
[2019.05.24-01.03.25:408][  0]LogPakFile: Registered encryption key '00000000000000000000000000000000': 0 pak files mounted, 0 remain pending
[2019.05.24-01.03.25:408][  0]LogPakFile: Registered encryption key '00000000000000000000000000000000': 0 pak files mounted, 0 remain pending
[2019.05.24-01.03.25:409][  0]LogPakFile: Registered encryption key '00000000000000000000000000000000': 0 pak files mounted, 0 remain pending
[2019.05.24-01.03.25:409][  0]LogPakFile: Registered encryption key '00000000000000000000000000000000': 0 pak files mounted, 0 remain pending
[2019.05.24-01.03.25:410][  0]LogPakFile: Registered encryption key '00000000000000000000000000000000': 0 pak files mounted, 0 remain pending
[2019.05.24-01.03.25:411][  0]LogPakFile: Registered encryption key '00000000000000000000000000000000': 0 pak files mounted, 0 remain pending
[2019.05.24-01.03.25:411][  0]LogPakFile: Registered encryption key '00000000000000000000000000000000': 0 pak files mounted, 0 remain pending
[2019.05.24-01.03.25:412][  0]LogPakFile: Registered encryption key '00000000000000000000000000000000': 0 pak files mounted, 0 remain pending
[2019.05.24-01.03.25:412][  0]LogPakFile: Registered encryption key '00000000000000000000000000000000': 0 pak files mounted, 0 remain pending
[2019.05.24-01.03.25:413][  0]LogPakFile: Registered encryption key '00000000000000000000000000000000': 0 pak files mounted, 0 remain pending
[2019.05.24-01.03.25:414][  0]LogPakFile: Registered encryption key '00000000000000000000000000000000': 0 pak files mounted, 0 remain pending
[2019.05.24-01.03.25:414][  0]LogPakFile: Registered encryption key '00000000000000000000000000000000': 0 pak files mounted, 0 remain pending
[2019.05.24-01.03.25:415][  0]LogPakFile: Registered encryption key '00000000000000000000000000000000': 0 pak files mounted, 0 remain pending
[2019.05.24-01.03.25:416][  0]LogPakFile: Registered encryption key '00000000000000000000000000000000': 0 pak files mounted, 0 remain pending
[2019.05.24-01.03.25:723][  0]LogContentBrowser: Native class hierarchy updated for 'AddContentDialog' in 0.0003 seconds. Added 0 classes and 0 folders.
[2019.05.24-01.03.25:729][  0]LogContentBrowser: Native class hierarchy updated for 'SceneOutliner' in 0.0004 seconds. Added 1 classes and 2 folders.
[2019.05.24-01.03.25:833][  0]LogSlate: Took 0.024039 seconds to synchronously load lazily loaded font '../../../Engine/Content/Slate/Fonts/Roboto-Regular.ttf' (155K)
[2019.05.24-01.03.28:608][  0]LogSlate: Only BGRA pngs, bmps or icos are supported in by External Image Picker
[2019.05.24-01.03.28:687][  0]LogSlate: Took 0.024211 seconds to synchronously load lazily loaded font '../../../Engine/Content/Slate/Fonts/Roboto-Bold.ttf' (160K)
[2019.05.24-01.03.28:703][  0]LogSlate: Took 0.010816 seconds to synchronously load lazily loaded font '../../../Engine/Content/Editor/Slate/Fonts/FontAwesome.ttf' (139K)
[2019.05.24-01.03.28:849][  0]LogTemp: Executing iPhonePackager certificates Engine -bundlename com.YourCompany.Lightning
[2019.05.24-01.03.28:849][  0]LogTemp: CWD: E:\Unreal Games\UE_4.21\Engine\Binaries\DotNET\IOS
[2019.05.24-01.03.28:849][  0]LogTemp: Initial Dir: E:\Unreal Games\UE_4.21
[2019.05.24-01.03.28:849][  0]LogTemp: Env CWD: E:\Unreal Games\UE_4.21\Engine\Binaries\DotNET\IOS
[2019.05.24-01.03.28:849][  0]LogTemp: BranchPath = ATLAS/E/Unreal Games/UE_4.21/Engine/Binaries --- GameBranchPath = ATLAS/E/Unreal Games/UE_4.21/Engine/Binaries
[2019.05.24-01.03.28:849][  0]LogTemp: IPP ERROR: Could not find provision directory 'C:\Users\Data\AppData\Local/Apple Computer/MobileDevice/Provisioning Profiles/'.
[2019.05.24-01.03.28:849][  0]LogRenderer: Reallocating scene render targets to support 1480x600 Format 10 NumSamples 1 (Frame:1).
[2019.05.24-01.03.29:077][  0]LogContentBrowser: Native class hierarchy updated for 'HierarchicalLODOutliner' in 0.0004 seconds. Added 0 classes and 0 folders.
[2019.05.24-01.03.29:077][  0]LogLoad: (Engine Initialization) Total time: 32.36 seconds
[2019.05.24-01.03.29:077][  0]LogLoad: (Engine Initialization) Total Blueprint compile time: 0.00 seconds
[2019.05.24-01.03.29:088][  0]LogWindowsTextInputMethodSystem: Display: IME system now deactivated.
[2019.05.24-01.03.29:179][  0]LogContentStreaming: Texture pool size now 1000 MB
[2019.05.24-01.03.29:242][  0]LogSlate: Took 0.037799 seconds to synchronously load lazily loaded font '../../../Engine/Content/Slate/Fonts/Roboto-Light.ttf' (167K)
[2019.05.24-01.03.29:259][  1]LogFileCache: Retrieving MD5 hashes for directory 'C:/Users/Data/Documents/GitHub/Lucid_Dream/Lightning/Content/' took 0.16s
[2019.05.24-01.03.29:396][  2]LogAssetRegistry: Asset discovery search completed in 25.1996 seconds
[2019.05.24-01.03.29:398][  2]LogCollectionManager: Rebuilt the object cache for 0 collections in 0.000001 seconds (found 0 objects)
[2019.05.24-01.03.29:398][  2]LogCollectionManager: Fixed up redirectors for 0 collections in 0.000059 seconds (updated 0 objects)
[2019.05.24-01.03.33:027][249]LogSlate: FSceneViewport::OnFocusLost() reason 2
[2019.05.24-01.11.34:335][728]LogEditorViewport: Clicking on Actor (LMB): StaticMeshActor (Floor)
[2019.05.24-01.11.43:927][354]LogSlate: FSceneViewport::OnFocusLost() reason 0
[2019.05.24-01.17.21:121][ 63]LogEditorViewport: Clicking on Actor (LMB): StaticMeshActor (Floor)
[2019.05.24-01.17.28:494][370]LogSlate: FSceneViewport::OnFocusLost() reason 2
[2019.05.24-01.17.57:589][238]LogEditorViewport: Clicking on Actor (LMB): StaticMeshActor (Floor)
[2019.05.24-01.18.01:574][517]LogEditorViewport: Clicking on Actor (LMB): BP_Sky_Sphere_C (SkySphereBlueprint)
[2019.05.24-01.18.03:749][670]LogSlate: FSceneViewport::OnFocusLost() reason 0
[2019.05.24-01.18.05:805][822]Cmd: BRUSH ADD SELECTNEWBRUSH
[2019.05.24-01.18.38:603][ 90]LogSlate: Took 0.000363 seconds to synchronously load lazily loaded font '../../../Engine/Content/Slate/Fonts/Roboto-Light.ttf' (167K)
[2019.05.24-01.18.48:550][117]LogSavePackage: Moving 'C:/Users/Data/Documents/GitHub/Lucid_Dream/Lightning/Saved/ThirdPersonExampleMap_Auto1C89D8EE849566EB95F4D419A370EC8B0.tmp' to 'C:/Users/Data/Documents/GitHub/Lucid_Dream/Lightning/Saved/Autosaves/Game/ThirdPersonBP/Maps/ThirdPersonExampleMap_Auto1.umap'
[2019.05.24-01.18.48:626][117]LogFileHelpers: Editor autosave (incl. sublevels) for '/Game/ThirdPersonBP/Maps/ThirdPersonExampleMap' took 0.879
[2019.05.24-01.18.48:626][117]LogFileHelpers: Editor autosave (incl. sublevels) for all levels took 0.879
[2019.05.24-01.25.05:351][240]LogSlate: FSceneViewport::OnFocusLost() reason 2
[2019.05.24-01.25.12:491][694]LogEditorViewport: Clicking on Actor (LMB): BP_Sky_Sphere_C (SkySphereBlueprint)
[2019.05.24-01.26.00:934][921]LogSlate: FSceneViewport::OnFocusLost() reason 0
[2019.05.24-01.26.01:932][932]LogSavePackage: Moving 'C:/Users/Data/Documents/GitHub/Lucid_Dream/Lightning/Saved/ThirdPersonExampleMapD9D6CD3C4767E546C50B649AF2B6363E.tmp' to 'C:/Users/Data/Documents/GitHub/Lucid_Dream/Lightning/Content/ThirdPersonBP/Maps/ThirdPersonExampleMap.umap'
[2019.05.24-01.26.03:160][932]LogSavePackage: Moving 'C:/Users/Data/Documents/GitHub/Lucid_Dream/Lightning/Saved/ThirdPersonExampleMap_BuiltDataD89190BE44CE9F006CFF5E9865D46599.tmp' to 'C:/Users/Data/Documents/GitHub/Lucid_Dream/Lightning/Content/ThirdPersonBP/Maps/ThirdPersonExampleMap_BuiltData.uasset'
[2019.05.24-01.26.56:805][148]LogSlate: FSceneViewport::OnFocusLost() reason 0
[2019.05.24-01.26.57:395][158]LogSavePackage: Moving 'C:/Users/Data/Documents/GitHub/Lucid_Dream/Lightning/Saved/ThirdPersonExampleMap4922E5BA46CC4594E3657CB94A9AAB8C.tmp' to 'C:/Users/Data/Documents/GitHub/Lucid_Dream/Lightning/Content/ThirdPersonBP/Maps/ThirdPersonExampleMap.umap'
[2019.05.24-01.26.57:671][158]LogSavePackage: Moving 'C:/Users/Data/Documents/GitHub/Lucid_Dream/Lightning/Saved/ThirdPersonExampleMap_BuiltDataB9C1B49844A004FB87DBE0B61664F0EC.tmp' to 'C:/Users/Data/Documents/GitHub/Lucid_Dream/Lightning/Content/ThirdPersonBP/Maps/ThirdPersonExampleMap_BuiltData.uasset'
[2019.05.24-01.29.22:572][377]LogSlate: FSceneViewport::OnFocusLost() reason 2
